<?xml version="1.0" encoding="UTF-8" ?>
<testsuite failures="0" time="1.583" errors="0" skipped="0" tests="5" name="org.openmrs.module.webservices.forms.web.controller.FieldTypeControllerTest">
  <properties>
[...]
</properties>
  <testcase time="0.292" classname="org.openmrs.module.webservices.forms.web.controller.FieldTypeControllerTest" name="createFieldType_shouldCreateANewFieldType"/>
  <testcase time="0.316" classname="org.openmrs.module.webservices.forms.web.controller.FieldTypeControllerTest" name="getFieldType_shouldGetADefaultRepresentationOfAFieldType"/>
  <testcase time="0.482" classname="org.openmrs.module.webservices.forms.web.controller.FieldTypeControllerTest" name="getFieldType_shouldGetAFullRepresentationOfAFieldType"/>
  <testcase time="0.268" classname="org.openmrs.module.webservices.forms.web.controller.FieldTypeControllerTest" name="updateFieldType_shouldChangeAPropertyOnAFieldType"/>
  <testcase time="0.222" classname="org.openmrs.module.webservices.forms.web.controller.FieldTypeControllerTest" name="retireFieldType_shouldRetireAFieldType"/>
</testsuite>